[debug] > Exec(run, None, None)
[debug] Evaluating tasks: Compile / run
[debug] Running task... Cancel: Signal, check cycles: false, forcegc: true
[error] java.lang.RuntimeException: java.lang.UnsatisfiedLinkError: no glass in java.library.path: C:\Users\ojasw\.jdks\temurin-17.0.8\bin;C:\WINDOWS\Sun\Java\bin;C:\WINDOWS\system32;C:\WINDOWS;C:\Program Files\Eclipse Adoptium\jdk-11.0.18.10-hotspot\bin;C:\Program Files\BellSoft\LibericaJDK-8\bin\;C:\Program Files\Common Files\Oracle\Java\javapath;C:\Program Files (x86)\Common Files\Oracle\Java\javapath;C:\Windows\system32;C:\Windows;C:\Windows\System32\Wbem;C:\Windows\System32\WindowsPowerShell\v1.0\;C:\Windows\System32\OpenSSH\;C:\Program Files (x86)\NVIDIA Corporation\PhysX\Common;C:\Program Files\NVIDIA Corporation\NVIDIA NvDLISR;C:\msys64\mingw64\bin;C:\Program Files (x86)\sbt\bin;C:\WINDOWS\system32;C:\WINDOWS;C:\WINDOWS\System32\Wbem;C:\WINDOWS\System32\WindowsPowerShell\v1.0\;C:\WINDOWS\System32\OpenSSH\;C:\Program Files\Git\cmd;C:\Users\ojasw\AppData\Local\Programs\Python\Python312\Scripts\;C:\Users\ojasw\AppData\Local\Programs\Python\Python312\;C:\Users\ojasw\AppData\Local\Programs\Python\Python310\Scripts\;C:\Users\ojasw\AppData\Local\Programs\Python\Python310\;C:\Users\ojasw\AppData\Local\Microsoft\WindowsApps;C:\Users\ojasw\AppData\Local\Programs\Microsoft VS Code new\bin;C:\Users\ojasw\AppData\Local\Coursier\data\bin;C:\Users\ojasw\AppData\Local\Microsoft\WindowsApps;;C:\Users\ojasw\AppData\Local\spicetify;C:\Users\ojasw\.deno\bin;C:\Program Files\JetBrains\IntelliJ IDEA Community Edition 2023.2.1\bin;;.
[error] 	at com.sun.javafx.tk.quantum.QuantumToolkit.startup(QuantumToolkit.java:300)
[error] 	at com.sun.javafx.application.PlatformImpl.startup(PlatformImpl.java:292)
[error] 	at com.sun.javafx.application.PlatformImpl.startup(PlatformImpl.java:162)
[error] 	at com.sun.javafx.application.LauncherImpl.startToolkit(LauncherImpl.java:651)
[error] 	at com.sun.javafx.application.LauncherImpl.launchApplication1(LauncherImpl.java:671)
[error] 	at com.sun.javafx.application.LauncherImpl.lambda$launchApplication$2(LauncherImpl.java:195)
[error] 	at java.base/java.lang.Thread.run(Thread.java:833)
[error] Caused by: java.lang.UnsatisfiedLinkError: no glass in java.library.path: C:\Users\ojasw\.jdks\temurin-17.0.8\bin;C:\WINDOWS\Sun\Java\bin;C:\WINDOWS\system32;C:\WINDOWS;C:\Program Files\Eclipse Adoptium\jdk-11.0.18.10-hotspot\bin;C:\Program Files\BellSoft\LibericaJDK-8\bin\;C:\Program Files\Common Files\Oracle\Java\javapath;C:\Program Files (x86)\Common Files\Oracle\Java\javapath;C:\Windows\system32;C:\Windows;C:\Windows\System32\Wbem;C:\Windows\System32\WindowsPowerShell\v1.0\;C:\Windows\System32\OpenSSH\;C:\Program Files (x86)\NVIDIA Corporation\PhysX\Common;C:\Program Files\NVIDIA Corporation\NVIDIA NvDLISR;C:\msys64\mingw64\bin;C:\Program Files (x86)\sbt\bin;C:\WINDOWS\system32;C:\WINDOWS;C:\WINDOWS\System32\Wbem;C:\WINDOWS\System32\WindowsPowerShell\v1.0\;C:\WINDOWS\System32\OpenSSH\;C:\Program Files\Git\cmd;C:\Users\ojasw\AppData\Local\Programs\Python\Python312\Scripts\;C:\Users\ojasw\AppData\Local\Programs\Python\Python312\;C:\Users\ojasw\AppData\Local\Programs\Python\Python310\Scripts\;C:\Users\ojasw\AppData\Local\Programs\Python\Python310\;C:\Users\ojasw\AppData\Local\Microsoft\WindowsApps;C:\Users\ojasw\AppData\Local\Programs\Microsoft VS Code new\bin;C:\Users\ojasw\AppData\Local\Coursier\data\bin;C:\Users\ojasw\AppData\Local\Microsoft\WindowsApps;;C:\Users\ojasw\AppData\Local\spicetify;C:\Users\ojasw\.deno\bin;C:\Program Files\JetBrains\IntelliJ IDEA Community Edition 2023.2.1\bin;;.
[error] 	at java.base/java.lang.ClassLoader.loadLibrary(ClassLoader.java:2434)
[error] 	at java.base/java.lang.Runtime.loadLibrary0(Runtime.java:818)
[error] 	at java.base/java.lang.System.loadLibrary(System.java:1989)
[error] 	at com.sun.glass.utils.NativeLibLoader.loadLibraryInternal(NativeLibLoader.java:166)
[error] 	at com.sun.glass.utils.NativeLibLoader.loadLibrary(NativeLibLoader.java:54)
[error] 	at com.sun.glass.ui.Application.loadNativeLibrary(Application.java:112)
[error] 	at com.sun.glass.ui.Application.loadNativeLibrary(Application.java:120)
[error] 	at com.sun.glass.ui.win.WinApplication.access$000(WinApplication.java:41)
[error] 	at com.sun.glass.ui.win.WinApplication$1.run(WinApplication.java:107)
[error] 	at com.sun.glass.ui.win.WinApplication$1.run(WinApplication.java:87)
[error] 	at java.base/java.security.AccessController.doPrivileged(AccessController.java:318)
[error] 	at com.sun.glass.ui.win.WinApplication.<clinit>(WinApplication.java:87)
[error] 	at com.sun.glass.ui.win.WinPlatformFactory.createApplication(WinPlatformFactory.java:39)
[error] 	at com.sun.glass.ui.win.WinPlatformFactory.createApplication(WinPlatformFactory.java:36)
[error] 	at com.sun.glass.ui.Application.run(Application.java:146)
[error] 	at com.sun.javafx.tk.quantum.QuantumToolkit.startup(QuantumToolkit.java:290)
[error] 	at com.sun.javafx.application.PlatformImpl.startup(PlatformImpl.java:292)
[error] 	at com.sun.javafx.application.PlatformImpl.startup(PlatformImpl.java:162)
[error] 	at com.sun.javafx.application.LauncherImpl.startToolkit(LauncherImpl.java:651)
[error] 	at com.sun.javafx.application.LauncherImpl.launchApplication1(LauncherImpl.java:671)
[error] 	at com.sun.javafx.application.LauncherImpl.lambda$launchApplication$2(LauncherImpl.java:195)
[error] 	at java.base/java.lang.Thread.run(Thread.java:833)
[error] (Compile / run) java.lang.UnsatisfiedLinkError: no glass in java.library.path: C:\Users\ojasw\.jdks\temurin-17.0.8\bin;C:\WINDOWS\Sun\Java\bin;C:\WINDOWS\system32;C:\WINDOWS;C:\Program Files\Eclipse Adoptium\jdk-11.0.18.10-hotspot\bin;C:\Program Files\BellSoft\LibericaJDK-8\bin\;C:\Program Files\Common Files\Oracle\Java\javapath;C:\Program Files (x86)\Common Files\Oracle\Java\javapath;C:\Windows\system32;C:\Windows;C:\Windows\System32\Wbem;C:\Windows\System32\WindowsPowerShell\v1.0\;C:\Windows\System32\OpenSSH\;C:\Program Files (x86)\NVIDIA Corporation\PhysX\Common;C:\Program Files\NVIDIA Corporation\NVIDIA NvDLISR;C:\msys64\mingw64\bin;C:\Program Files (x86)\sbt\bin;C:\WINDOWS\system32;C:\WINDOWS;C:\WINDOWS\System32\Wbem;C:\WINDOWS\System32\WindowsPowerShell\v1.0\;C:\WINDOWS\System32\OpenSSH\;C:\Program Files\Git\cmd;C:\Users\ojasw\AppData\Local\Programs\Python\Python312\Scripts\;C:\Users\ojasw\AppData\Local\Programs\Python\Python312\;C:\Users\ojasw\AppData\Local\Programs\Python\Python310\Scripts\;C:\Users\ojasw\AppData\Local\Programs\Python\Python310\;C:\Users\ojasw\AppData\Local\Microsoft\WindowsApps;C:\Users\ojasw\AppData\Local\Programs\Microsoft VS Code new\bin;C:\Users\ojasw\AppData\Local\Coursier\data\bin;C:\Users\ojasw\AppData\Local\Microsoft\WindowsApps;;C:\Users\ojasw\AppData\Local\spicetify;C:\Users\ojasw\.deno\bin;C:\Program Files\JetBrains\IntelliJ IDEA Community Edition 2023.2.1\bin;;.
[error] Total time: 1 s, completed 5 Feb 2024, 22:52:18
[debug] > Exec(idea-shell, None, None)
